<?xml version="1.0" encoding="UTF-8"?>
<testng-results skipped="0" failed="0" ignored="0" total="1" passed="1">
  <reporter-output>
  </reporter-output>
  <suite name="TestNG" duration-ms="67" started-at="2019-02-24T17:16:42Z" finished-at="2019-02-24T17:16:42Z">
    <groups>
    </groups>
    <test name="Test" duration-ms="67" started-at="2019-02-24T17:16:42Z" finished-at="2019-02-24T17:16:42Z">
      <class name="Java_cucumber.Java_cucumber.Test">
        <test-method status="PASS" signature="getData()[pri:0, instance:Java_cucumber.Java_cucumber.Test@5f375618]" name="getData" duration-ms="13" started-at="2019-02-24T17:16:42Z" finished-at="2019-02-24T17:16:42Z">
          <reporter-output>
          </reporter-output>
        </test-method> <!-- getData -->
      </class> <!-- Java_cucumber.Java_cucumber.Test -->
    </test> <!-- Test -->
  </suite> <!-- TestNG -->
</testng-results>
